[15:17:41] [main/INFO] (FabricLoader/GameProvider) Loading Minecraft 1.20.1 with Fabric Loader 0.18.4
[15:17:42] [main/INFO] (FabricLoader) Loading 4 mods:
	- fabricloader 0.18.4
	- java 21
	- minecraft 1.20.1
	- mixinextras 0.5.0
[15:17:42] [main/INFO] (FabricLoader/Mixin) SpongePowered MIXIN Subsystem Version=0.8.7 Source=file:/C:/Users/DELL/.gradle/caches/modules-2/files-2.1/net.fabricmc/sponge-mixin/0.17.0+mixin.0.8.7/cf31463202f72d03b0ef1e1e38e8ee71b7faaab6/sponge-mixin-0.17.0+mixin.0.8.7.jar Service=Knot/Fabric Env=CLIENT
[15:17:42] [main/INFO] (FabricLoader/Mixin) Loaded Fabric development mappings for mixin remapper!
[15:17:58] [Datafixer Bootstrap/INFO] (Minecraft) 188 Datafixer optimizations took 404 milliseconds
[15:18:02] [Render thread/INFO] (Minecraft) [STDERR]: [LWJGL] [ThreadLocalUtil] Unsupported JNI version detected, this may result in a crash. Please inform LWJGL developers.
[15:18:02] [Render thread/INFO] (Minecraft) Environment: authHost='https://authserver.mojang.com', accountsHost='https://api.mojang.com', sessionHost='https://sessionserver.mojang.com', servicesHost='https://api.minecraftservices.com', name='PROD'
[15:18:03] [Render thread/ERROR] (Minecraft) Failed to verify authentication
com.mojang.authlib.exceptions.InvalidCredentialsException: Status: 401
	at com.mojang.authlib.exceptions.MinecraftClientHttpException.toAuthenticationException(MinecraftClientHttpException.java:56) ~[authlib-4.0.43.jar:?]
	at com.mojang.authlib.yggdrasil.YggdrasilUserApiService.fetchProperties(YggdrasilUserApiService.java:156) ~[authlib-4.0.43.jar:?]
	at com.mojang.authlib.yggdrasil.YggdrasilUserApiService.<init>(YggdrasilUserApiService.java:55) ~[authlib-4.0.43.jar:?]
	at com.mojang.authlib.yggdrasil.YggdrasilAuthenticationService.createUserApiService(YggdrasilAuthenticationService.java:124) ~[authlib-4.0.43.jar:?]
	at net.minecraft.client.Minecraft.createUserApiService(Minecraft.java:733) ~[minecraft-merged-bdabb3aae4-1.20.1-loom.mappings.1_20_1.layered+hash.40545-v2.jar:?]
	at net.minecraft.client.Minecraft.<init>(Minecraft.java:442) ~[minecraft-merged-bdabb3aae4-1.20.1-loom.mappings.1_20_1.layered+hash.40545-v2.jar:?]
	at net.minecraft.client.main.Main.main(Main.java:211) ~[minecraft-merged-bdabb3aae4-1.20.1-loom.mappings.1_20_1.layered+hash.40545-v2.jar:?]
	at net.fabricmc.loader.impl.game.minecraft.MinecraftGameProvider.launch(MinecraftGameProvider.java:514) ~[fabric-loader-0.18.4.jar:?]
	at net.fabricmc.loader.impl.launch.knot.Knot.launch(Knot.java:72) ~[fabric-loader-0.18.4.jar:?]
	at net.fabricmc.loader.impl.launch.knot.KnotClient.main(KnotClient.java:23) ~[fabric-loader-0.18.4.jar:?]
	at net.fabricmc.devlaunchinjector.Main.main(Main.java:86) ~[dev-launch-injector-0.2.1+build.8.jar:?]
Caused by: com.mojang.authlib.exceptions.MinecraftClientHttpException: Status: 401
	at com.mojang.authlib.minecraft.client.MinecraftClient.readInputStream(MinecraftClient.java:85) ~[authlib-4.0.43.jar:?]
	at com.mojang.authlib.minecraft.client.MinecraftClient.get(MinecraftClient.java:48) ~[authlib-4.0.43.jar:?]
	at com.mojang.authlib.yggdrasil.YggdrasilUserApiService.fetchProperties(YggdrasilUserApiService.java:129) ~[authlib-4.0.43.jar:?]
	... 9 more
[15:18:04] [Render thread/INFO] (Minecraft) Setting user: Player947
[15:18:04] [Render thread/INFO] (Minecraft) Backend library: LWJGL version 3.3.2-snapshot
[15:18:11] [Render thread/INFO] (Minecraft) Reloading ResourceManager: vanilla
[15:18:11] [Worker-Main-7/INFO] (Minecraft) Found unifont_all_no_pua-15.0.06.hex, loading
[15:18:11] [Realms Notification Availability checker #1/INFO] (Minecraft) Could not authorize you against Realms server: java.lang.RuntimeException: Failed to parse into SignedJWT: FabricMC
[15:18:18] [Render thread/WARN] (Minecraft) Missing sound for event: minecraft:item.goat_horn.play
[15:18:18] [Render thread/WARN] (Minecraft) Missing sound for event: minecraft:entity.goat.screaming.horn_break
[15:18:18] [Render thread/INFO] (Minecraft) OpenAL initialized on device OpenAL Soft on Динамики (High Definition Audio Device)
[15:18:18] [Render thread/INFO] (Minecraft) Sound engine started
[15:18:18] [Render thread/INFO] (Minecraft) Created: 1024x512x4 minecraft:textures/atlas/blocks.png-atlas
[15:18:18] [Render thread/INFO] (Minecraft) Created: 256x256x4 minecraft:textures/atlas/signs.png-atlas
[15:18:18] [Render thread/INFO] (Minecraft) Created: 512x512x4 minecraft:textures/atlas/shield_patterns.png-atlas
[15:18:18] [Render thread/INFO] (Minecraft) Created: 512x512x4 minecraft:textures/atlas/banner_patterns.png-atlas
[15:18:18] [Render thread/INFO] (Minecraft) Created: 1024x1024x4 minecraft:textures/atlas/armor_trims.png-atlas
[15:18:18] [Render thread/INFO] (Minecraft) Created: 128x64x4 minecraft:textures/atlas/decorated_pot.png-atlas
[15:18:18] [Render thread/INFO] (Minecraft) Created: 256x256x4 minecraft:textures/atlas/chest.png-atlas
[15:18:18] [Render thread/INFO] (Minecraft) Created: 512x256x4 minecraft:textures/atlas/shulker_boxes.png-atlas
[15:18:18] [Render thread/INFO] (Minecraft) Created: 512x256x4 minecraft:textures/atlas/beds.png-atlas
[15:18:19] [Render thread/WARN] (Minecraft) Shader rendertype_entity_translucent_emissive could not find sampler named Sampler2 in the specified shader program.
[15:18:19] [Render thread/INFO] (Minecraft) Created: 256x256x0 minecraft:textures/atlas/particles.png-atlas
[15:18:19] [Render thread/INFO] (Minecraft) Created: 256x256x0 minecraft:textures/atlas/paintings.png-atlas
[15:18:19] [Render thread/INFO] (Minecraft) Created: 128x128x0 minecraft:textures/atlas/mob_effects.png-atlas
[15:19:12] [Render thread/INFO] (Minecraft) Loaded 7 recipes
[15:19:13] [Render thread/INFO] (Minecraft) Loaded 1271 advancements
[15:19:15] [Server thread/INFO] (Minecraft) Starting integrated minecraft server version 1.20.1
[15:19:15] [Server thread/INFO] (Minecraft) Generating keypair
[15:19:21] [Server thread/INFO] (Minecraft) Preparing start region for dimension minecraft:overworld
[15:19:36] [Render thread/INFO] (Minecraft) Preparing spawn area: 0%
[15:19:36] [Render thread/INFO] (Minecraft) Preparing spawn area: 0%
[15:19:36] [Render thread/INFO] (Minecraft) Preparing spawn area: 0%
[15:19:36] [Render thread/INFO] (Minecraft) Preparing spawn area: 0%
[15:19:36] [Render thread/INFO] (Minecraft) Preparing spawn area: 0%
[15:19:36] [Render thread/INFO] (Minecraft) Preparing spawn area: 0%
[15:19:36] [Render thread/INFO] (Minecraft) Preparing spawn area: 0%
[15:19:36] [Render thread/INFO] (Minecraft) Preparing spawn area: 0%
[15:19:36] [Render thread/INFO] (Minecraft) Preparing spawn area: 0%
[15:19:36] [Render thread/INFO] (Minecraft) Preparing spawn area: 0%
[15:19:36] [Render thread/INFO] (Minecraft) Preparing spawn area: 0%
[15:19:36] [Render thread/INFO] (Minecraft) Preparing spawn area: 0%
[15:19:36] [Render thread/INFO] (Minecraft) Preparing spawn area: 0%
[15:19:36] [Render thread/INFO] (Minecraft) Preparing spawn area: 0%
[15:19:36] [Render thread/INFO] (Minecraft) Preparing spawn area: 0%
[15:19:36] [Render thread/INFO] (Minecraft) Preparing spawn area: 0%
[15:19:36] [Render thread/INFO] (Minecraft) Preparing spawn area: 0%
[15:19:36] [Render thread/INFO] (Minecraft) Preparing spawn area: 0%
[15:19:36] [Render thread/INFO] (Minecraft) Preparing spawn area: 0%
[15:19:36] [Render thread/INFO] (Minecraft) Preparing spawn area: 0%
[15:19:36] [Render thread/INFO] (Minecraft) Preparing spawn area: 0%
[15:19:36] [Render thread/INFO] (Minecraft) Preparing spawn area: 0%
[15:19:36] [Render thread/INFO] (Minecraft) Preparing spawn area: 0%
[15:19:36] [Render thread/INFO] (Minecraft) Preparing spawn area: 0%
[15:19:36] [Render thread/INFO] (Minecraft) Preparing spawn area: 0%
[15:19:36] [Render thread/INFO] (Minecraft) Preparing spawn area: 0%
[15:19:36] [Render thread/INFO] (Minecraft) Preparing spawn area: 0%
[15:19:36] [Render thread/INFO] (Minecraft) Preparing spawn area: 0%
[15:19:36] [Render thread/INFO] (Minecraft) Preparing spawn area: 0%
[15:19:36] [Render thread/INFO] (Minecraft) Preparing spawn area: 0%
[15:19:36] [Render thread/INFO] (Minecraft) Preparing spawn area: 0%
[15:19:36] [Render thread/INFO] (Minecraft) Preparing spawn area: 0%
[15:19:37] [Render thread/INFO] (Minecraft) Preparing spawn area: 5%
[15:19:37] [Render thread/INFO] (Minecraft) Preparing spawn area: 23%
[15:19:38] [Render thread/INFO] (Minecraft) Preparing spawn area: 32%
[15:19:38] [Render thread/INFO] (Minecraft) Preparing spawn area: 57%
[15:19:39] [Render thread/INFO] (Minecraft) Preparing spawn area: 83%
[15:19:39] [Render thread/INFO] (Minecraft) Time elapsed: 18427 ms
[15:19:40] [Server thread/INFO] (Minecraft) Changing view distance to 12, from 10
[15:19:40] [Server thread/INFO] (Minecraft) Changing simulation distance to 12, from 0
[15:19:41] [Server thread/WARN] (Minecraft) Can't keep up! Is the server overloaded? Running 2015ms or 40 ticks behind
[15:19:42] [Server thread/INFO] (Minecraft) Player947[local:E:c8463871] logged in with entity id 254 at (-77.37957363443383, 57.0, -32.01343847410757)
[15:19:42] [Server thread/INFO] (Minecraft) Player947 joined the game
[15:19:46] [Render thread/INFO] (Minecraft) Loaded 2 advancements
[15:19:50] [Server thread/INFO] (Minecraft) Saving and pausing game...
[15:19:50] [Server thread/INFO] (Minecraft) Saving chunks for level 'ServerLevel[New World]'/minecraft:overworld
[15:19:58] [Server thread/INFO] (Minecraft) Saving chunks for level 'ServerLevel[New World]'/minecraft:the_end
[15:19:58] [Server thread/INFO] (Minecraft) Saving chunks for level 'ServerLevel[New World]'/minecraft:the_nether
[15:20:19] [Server thread/WARN] (Minecraft) Can't keep up! Is the server overloaded? Running 2009ms or 40 ticks behind
[15:20:26] [Server thread/INFO] (Minecraft) Saving and pausing game...
[15:20:26] [Server thread/INFO] (Minecraft) Saving chunks for level 'ServerLevel[New World]'/minecraft:overworld
[15:20:28] [Server thread/INFO] (Minecraft) Saving chunks for level 'ServerLevel[New World]'/minecraft:the_end
[15:20:28] [Server thread/INFO] (Minecraft) Saving chunks for level 'ServerLevel[New World]'/minecraft:the_nether
[15:20:35] [Render thread/INFO] (Minecraft) [System] [CHAT] [Debug]: Unable to open game mode switcher; no permission
[15:20:36] [Server thread/INFO] (Minecraft) Saving and pausing game...
[15:20:36] [Server thread/INFO] (Minecraft) Saving chunks for level 'ServerLevel[New World]'/minecraft:overworld
[15:20:36] [Server thread/INFO] (Minecraft) Saving chunks for level 'ServerLevel[New World]'/minecraft:the_end
[15:20:36] [Server thread/INFO] (Minecraft) Saving chunks for level 'ServerLevel[New World]'/minecraft:the_nether
[15:20:45] [Render thread/INFO] (Minecraft) Using default channel type
[15:20:45] [Render thread/INFO] (Minecraft) Started serving on 58555
[15:20:45] [Render thread/INFO] (Minecraft) [System] [CHAT] Local game hosted on port [58555]
[15:20:48] [Render thread/INFO] (Minecraft) [System] [CHAT] Saved screenshot as 2026-03-09_15.20.47.png
[15:20:51] [Server thread/INFO] (Minecraft) [Player947: Set own game mode to Creative Mode]
[15:20:52] [Render thread/INFO] (Minecraft) [System] [CHAT] Set own game mode to Creative Mode
[15:22:09] [Server thread/INFO] (Minecraft) Changing view distance to 10, from 12
[15:22:10] [Server thread/INFO] (Minecraft) Changing view distance to 6, from 10
[15:22:33] [Server thread/INFO] (Minecraft) Changing simulation distance to 9, from 12
[15:22:36] [Render thread/INFO] (Minecraft) Reloading ResourceManager: vanilla
[15:22:36] [Worker-Main-5/INFO] (Minecraft) Found unifont_all_no_pua-15.0.06.hex, loading
[15:22:41] [Render thread/WARN] (Minecraft) Missing sound for event: minecraft:item.goat_horn.play
[15:22:41] [Render thread/WARN] (Minecraft) Missing sound for event: minecraft:entity.goat.screaming.horn_break
[15:22:41] [Render thread/INFO] (Minecraft) OpenAL initialized on device OpenAL Soft on Динамики (High Definition Audio Device)
[15:22:41] [Render thread/INFO] (Minecraft) Sound engine started
[15:22:41] [Render thread/INFO] (Minecraft) Created: 1024x512x1 minecraft:textures/atlas/blocks.png-atlas
[15:22:41] [Render thread/INFO] (Minecraft) Created: 256x256x1 minecraft:textures/atlas/signs.png-atlas
[15:22:41] [Render thread/INFO] (Minecraft) Created: 512x512x1 minecraft:textures/atlas/shield_patterns.png-atlas
[15:22:41] [Render thread/INFO] (Minecraft) Created: 512x512x1 minecraft:textures/atlas/banner_patterns.png-atlas
[15:22:41] [Render thread/INFO] (Minecraft) Created: 1024x1024x1 minecraft:textures/atlas/armor_trims.png-atlas
[15:22:41] [Render thread/INFO] (Minecraft) Created: 128x64x1 minecraft:textures/atlas/decorated_pot.png-atlas
[15:22:41] [Render thread/INFO] (Minecraft) Created: 256x256x1 minecraft:textures/atlas/chest.png-atlas
[15:22:41] [Render thread/INFO] (Minecraft) Created: 512x256x1 minecraft:textures/atlas/shulker_boxes.png-atlas
[15:22:41] [Render thread/INFO] (Minecraft) Created: 512x256x1 minecraft:textures/atlas/beds.png-atlas
[15:22:41] [Render thread/WARN] (Minecraft) Shader rendertype_entity_translucent_emissive could not find sampler named Sampler2 in the specified shader program.
[15:22:42] [Render thread/INFO] (Minecraft) Created: 256x256x0 minecraft:textures/atlas/particles.png-atlas
[15:22:42] [Render thread/INFO] (Minecraft) Created: 256x256x0 minecraft:textures/atlas/paintings.png-atlas
[15:22:42] [Render thread/INFO] (Minecraft) Created: 128x128x0 minecraft:textures/atlas/mob_effects.png-atlas
[15:23:05] [Render thread/INFO] (Minecraft) Loaded 30 advancements
[15:23:06] [Render thread/INFO] (Minecraft) Loaded 33 advancements
[15:24:03] [Server thread/INFO] (Minecraft) [Player947: Set own game mode to Survival Mode]
[15:24:03] [Render thread/INFO] (Minecraft) [System] [CHAT] Set own game mode to Survival Mode
[15:24:04] [Server thread/INFO] (Minecraft) [Player947: Set own game mode to Creative Mode]
[15:24:04] [Render thread/INFO] (Minecraft) [System] [CHAT] Set own game mode to Creative Mode
[15:24:14] [Render thread/INFO] (Minecraft) Loaded 33 advancements
[15:24:16] [Render thread/INFO] (Minecraft) Loaded 33 advancements
[15:24:16] [Render thread/WARN] (Minecraft) Unable to play empty soundEvent: minecraft:entity.cod.ambient
[15:24:43] [Server thread/INFO] (Minecraft) Player947 lost connection: Disconnected
[15:24:43] [Server thread/INFO] (Minecraft) Player947 left the game
[15:24:43] [Server thread/INFO] (Minecraft) Stopping singleplayer server as player logged out
[15:24:43] [Server thread/INFO] (Minecraft) Stopping server
[15:24:43] [Server thread/INFO] (Minecraft) Saving players
[15:24:43] [Server thread/INFO] (Minecraft) Saving worlds
[15:24:45] [Server thread/INFO] (Minecraft) Saving chunks for level 'ServerLevel[New World]'/minecraft:overworld
[15:24:46] [Server thread/INFO] (Minecraft) Saving chunks for level 'ServerLevel[New World]'/minecraft:the_end
[15:24:46] [Server thread/INFO] (Minecraft) Saving chunks for level 'ServerLevel[New World]'/minecraft:the_nether
[15:24:46] [Server thread/INFO] (Minecraft) ThreadedAnvilChunkStorage (New World): All chunks are saved
[15:24:46] [Server thread/INFO] (Minecraft) ThreadedAnvilChunkStorage (DIM1): All chunks are saved
[15:24:46] [Server thread/INFO] (Minecraft) ThreadedAnvilChunkStorage (DIM-1): All chunks are saved
[15:24:46] [Server thread/INFO] (Minecraft) ThreadedAnvilChunkStorage: All dimensions are saved
[15:25:33] [Render thread/INFO] (Minecraft) Stopping!
